<?xml version="1.0" encoding="UTF-8"?>
<beans xmlns="http://www.springframework.org/schema/beans"
	xmlns:xsi="http://www.w3.org/2001/XMLSchema-instance" xmlns:p="http://www.springframework.org/schema/p"
	xmlns:context="http://www.springframework.org/schema/context"
	xsi:schemaLocation="http://www.springframework.org/schema/beans 
	   					   http://www.springframework.org/schema/beans/spring-beans.xsd
	   					   http://www.springframework.org/schema/context
	   					   http://www.springframework.org/schema/context/spring-context.xsd">

	<context:component-scan base-package="
	org.cicatiello.interview_exercise.cart
	org.cicatiello.interview_exercise.model.mock
	org.cicatiello.interview_exercise.product.mock
	org.cicatiello.interview_exercise.session.mock
	org.cicatiello.interview_exercise.ui.mock" />
	<context:annotation-config />


</beans>
            